f:\microsoftvisualstudio\source\repos\orbbecdemo1.1\x64\release\train.obj
f:\microsoftvisualstudio\source\repos\orbbecdemo1.1\x64\release\inputweightdialog.obj
f:\microsoftvisualstudio\source\repos\orbbecdemo1.1\x64\release\mainwindow.obj
f:\microsoftvisualstudio\source\repos\orbbecdemo1.1\x64\release\main.obj
f:\microsoftvisualstudio\source\repos\orbbecdemo1.1\x64\release\moc_mainwindow.obj
f:\microsoftvisualstudio\source\repos\orbbecdemo1.1\x64\release\qrc_orbbecdemo.obj
f:\microsoftvisualstudio\source\repos\orbbecdemo1.1\x64\release\moc_inputweightdialog.obj
f:\microsoftvisualstudio\source\repos\orbbecdemo1.1\x64\release\moc_train.obj
d:\github客户端\my github\orbbecandqt\orbbecdemo_windows\x64\release\inputweightdialog.obj
d:\github客户端\my github\orbbecandqt\orbbecdemo_windows\x64\release\mainwindow.obj
d:\github客户端\my github\orbbecandqt\orbbecdemo_windows\x64\release\train.obj
d:\github客户端\my github\orbbecandqt\orbbecdemo_windows\x64\release\main.obj
d:\github客户端\my github\orbbecandqt\orbbecdemo_windows\x64\release\qrc_orbbecdemo.obj
d:\github客户端\my github\orbbecandqt\orbbecdemo_windows\x64\release\moc_inputweightdialog.obj
d:\github客户端\my github\orbbecandqt\orbbecdemo_windows\x64\release\moc_mainwindow.obj
d:\github客户端\my github\orbbecandqt\orbbecdemo_windows\x64\release\moc_train.obj
f:\microsoftvisualstudio\source\repos\orbbecdemo1.1\x64\release\orbbecdemo1.1.exe
d:\github客户端\my github\orbbecandqt\orbbecdemo_windows\x64\release\orbbecdemo1.1.exe
d:\github客户端\my github\orbbecandqt\orbbecdemo_windows\x64\release\moc\moc_mainwindow.cpp
f:\microsoftvisualstudio\source\repos\orbbecdemo1.1\x64\release\uic\ui_inputdialog.h
f:\microsoftvisualstudio\source\repos\orbbecdemo1.1\x64\release\uic\ui_mainwindow.h
f:\microsoftvisualstudio\source\repos\orbbecdemo1.1\x64\release\uic\ui_train.h
f:\microsoftvisualstudio\source\repos\orbbecdemo1.1\x64\release\rcc\qrc_orbbecdemo.cpp
f:\microsoftvisualstudio\source\repos\orbbecdemo1.1\x64\release\moc\moc_mainwindow.cpp
f:\microsoftvisualstudio\source\repos\orbbecdemo1.1\x64\release\moc\moc_train.cpp
f:\microsoftvisualstudio\source\repos\orbbecdemo1.1\x64\release\moc\moc_inputweightdialog.cpp
d:\github客户端\my github\orbbecandqt\orbbecdemo_windows\x64\release\moc\moc_train.cpp
d:\github客户端\my github\orbbecandqt\orbbecdemo_windows\x64\release\moc\moc_inputweightdialog.cpp
d:\github客户端\my github\orbbecandqt\orbbecdemo_windows\x64\release\uic\ui_inputdialog.h
d:\github客户端\my github\orbbecandqt\orbbecdemo_windows\x64\release\uic\ui_mainwindow.h
d:\github客户端\my github\orbbecandqt\orbbecdemo_windows\x64\release\uic\ui_train.h
d:\github客户端\my github\orbbecandqt\orbbecdemo_windows\x64\release\rcc\qrc_orbbecdemo.cpp
d:\github客户端\my github\orbbecandqt\orbbecdemo_windows\x64\release\orbbecdemo1.1.tlog\cl.command.1.tlog
d:\github客户端\my github\orbbecandqt\orbbecdemo_windows\x64\release\orbbecdemo1.1.tlog\cl.read.1.tlog
d:\github客户端\my github\orbbecandqt\orbbecdemo_windows\x64\release\orbbecdemo1.1.tlog\cl.write.1.tlog
d:\github客户端\my github\orbbecandqt\orbbecdemo_windows\x64\release\orbbecdemo1.1.tlog\link.command.1.tlog
d:\github客户端\my github\orbbecandqt\orbbecdemo_windows\x64\release\orbbecdemo1.1.tlog\link.read.1.tlog
d:\github客户端\my github\orbbecandqt\orbbecdemo_windows\x64\release\orbbecdemo1.1.tlog\link.write.1.tlog
d:\github客户端\my github\orbbecandqt\orbbecdemo_windows\x64\release\orbbecdemo1.1.tlog\moc.read.1u.tlog
d:\github客户端\my github\orbbecandqt\orbbecdemo_windows\x64\release\orbbecdemo1.1.tlog\moc.write.1u.tlog
d:\github客户端\my github\orbbecandqt\orbbecdemo_windows\x64\release\orbbecdemo1.1.tlog\orbbecdemo1.1.write.1u.tlog
d:\github客户端\my github\orbbecandqt\orbbecdemo_windows\x64\release\orbbecdemo1.1.tlog\rcc.read.1u.tlog
d:\github客户端\my github\orbbecandqt\orbbecdemo_windows\x64\release\orbbecdemo1.1.tlog\rcc.write.1u.tlog
d:\github客户端\my github\orbbecandqt\orbbecdemo_windows\x64\release\orbbecdemo1.1.tlog\uic.read.1u.tlog
d:\github客户端\my github\orbbecandqt\orbbecdemo_windows\x64\release\orbbecdemo1.1.tlog\uic.write.1u.tlog
