f:\microsoftvisualstudio\source\repos\orbbecdemo1.1\x64\debug\vc142.pdb
f:\microsoftvisualstudio\source\repos\orbbecdemo1.1\x64\debug\train.obj
f:\microsoftvisualstudio\source\repos\orbbecdemo1.1\x64\debug\main.obj
f:\microsoftvisualstudio\source\repos\orbbecdemo1.1\x64\debug\myqlineedit.obj
f:\microsoftvisualstudio\source\repos\orbbecdemo1.1\x64\debug\inputweightdialog.obj
f:\microsoftvisualstudio\source\repos\orbbecdemo1.1\x64\debug\mainwindow.obj
f:\microsoftvisualstudio\source\repos\orbbecdemo1.1\x64\debug\moc_inputweightdialog.obj
f:\microsoftvisualstudio\source\repos\orbbecdemo1.1\x64\debug\moc_train.obj
f:\microsoftvisualstudio\source\repos\orbbecdemo1.1\x64\debug\moc_myqlineedit.obj
f:\microsoftvisualstudio\source\repos\orbbecdemo1.1\x64\debug\qrc_orbbecdemo.obj
f:\microsoftvisualstudio\source\repos\orbbecdemo1.1\x64\debug\moc_mainwindow.obj
f:\microsoftvisualstudio\source\repos\orbbecdemo1.1\x64\debug\orbbecdemo1.1.exe
f:\microsoftvisualstudio\source\repos\orbbecdemo1.1\x64\debug\orbbecdemo1.1.ilk
f:\microsoftvisualstudio\source\repos\orbbecdemo1.1\x64\debug\orbbecdemo1.1.pdb
f:\microsoftvisualstudio\source\repos\orbbecdemo1.1\x64\debug\moc\moc_mainwindow.cpp
f:\microsoftvisualstudio\source\repos\orbbecdemo1.1\x64\debug\moc\moc_train.cpp
f:\microsoftvisualstudio\source\repos\orbbecdemo1.1\x64\debug\moc\moc_inputweightdialog.cpp
f:\microsoftvisualstudio\source\repos\orbbecdemo1.1\x64\debug\moc\moc_myqlineedit.cpp
f:\microsoftvisualstudio\source\repos\orbbecdemo1.1\x64\debug\uic\ui_inputdialog.h
f:\microsoftvisualstudio\source\repos\orbbecdemo1.1\x64\debug\uic\ui_mainwindow.h
f:\microsoftvisualstudio\source\repos\orbbecdemo1.1\x64\debug\uic\ui_train.h
f:\microsoftvisualstudio\source\repos\orbbecdemo1.1\x64\debug\rcc\qrc_orbbecdemo.cpp
f:\microsoftvisualstudio\source\repos\orbbecdemo1.1\x64\debug\orbbecdemo1.1.tlog\cl.command.1.tlog
f:\microsoftvisualstudio\source\repos\orbbecdemo1.1\x64\debug\orbbecdemo1.1.tlog\cl.read.1.tlog
f:\microsoftvisualstudio\source\repos\orbbecdemo1.1\x64\debug\orbbecdemo1.1.tlog\cl.write.1.tlog
f:\microsoftvisualstudio\source\repos\orbbecdemo1.1\x64\debug\orbbecdemo1.1.tlog\link.command.1.tlog
f:\microsoftvisualstudio\source\repos\orbbecdemo1.1\x64\debug\orbbecdemo1.1.tlog\link.read.1.tlog
f:\microsoftvisualstudio\source\repos\orbbecdemo1.1\x64\debug\orbbecdemo1.1.tlog\link.write.1.tlog
f:\microsoftvisualstudio\source\repos\orbbecdemo1.1\x64\debug\orbbecdemo1.1.tlog\moc.read.1u.tlog
f:\microsoftvisualstudio\source\repos\orbbecdemo1.1\x64\debug\orbbecdemo1.1.tlog\moc.write.1u.tlog
f:\microsoftvisualstudio\source\repos\orbbecdemo1.1\x64\debug\orbbecdemo1.1.tlog\orbbecdemo1.1.write.1u.tlog
f:\microsoftvisualstudio\source\repos\orbbecdemo1.1\x64\debug\orbbecdemo1.1.tlog\rcc.read.1u.tlog
f:\microsoftvisualstudio\source\repos\orbbecdemo1.1\x64\debug\orbbecdemo1.1.tlog\rcc.write.1u.tlog
f:\microsoftvisualstudio\source\repos\orbbecdemo1.1\x64\debug\orbbecdemo1.1.tlog\uic.read.1u.tlog
f:\microsoftvisualstudio\source\repos\orbbecdemo1.1\x64\debug\orbbecdemo1.1.tlog\uic.write.1u.tlog
