d:\github客户端\mygithub\orbbecandqt\orbbecdemo_windows\x64\debug\utils.obj
d:\github客户端\mygithub\orbbecandqt\orbbecdemo_windows\x64\debug\inputweightdialog.obj
d:\github客户端\mygithub\orbbecandqt\orbbecdemo_windows\x64\debug\main.obj
d:\github客户端\mygithub\orbbecandqt\orbbecdemo_windows\x64\debug\train.obj
d:\github客户端\mygithub\orbbecandqt\orbbecdemo_windows\x64\debug\weightestmation.obj
d:\github客户端\mygithub\orbbecandqt\orbbecdemo_windows\x64\debug\mainwindow.obj
d:\github客户端\mygithub\orbbecandqt\orbbecdemo_windows\x64\debug\moc\moc_mainwindow.cpp
d:\github客户端\mygithub\orbbecandqt\orbbecdemo_windows\x64\debug\moc\moc_train.cpp
d:\github客户端\mygithub\orbbecandqt\orbbecdemo_windows\x64\debug\moc\moc_inputweightdialog.cpp
d:\github客户端\mygithub\orbbecandqt\orbbecdemo_windows\x64\debug\moc\moc_weightestmation.cpp
d:\github客户端\mygithub\orbbecandqt\orbbecdemo_windows\x64\debug\uic\ui_inputdialog.h
d:\github客户端\mygithub\orbbecandqt\orbbecdemo_windows\x64\debug\uic\ui_mainwindow.h
d:\github客户端\mygithub\orbbecandqt\orbbecdemo_windows\x64\debug\uic\ui_train.h
d:\github客户端\mygithub\orbbecandqt\orbbecdemo_windows\x64\debug\uic\ui_weightestimation.h
d:\github客户端\mygithub\orbbecandqt\orbbecdemo_windows\x64\debug\rcc\qrc_orbbecdemo.cpp
d:\github客户端\mygithub\orbbecandqt\orbbecdemo_windows\x64\debug\vc142.pdb
d:\github客户端\mygithub\orbbecandqt\orbbecdemo_windows\x64\debug\orbbecdemo1.1.tlog\cl.17212.write.1.tlog
d:\github客户端\mygithub\orbbecandqt\orbbecdemo_windows\x64\debug\orbbecdemo1.1.tlog\cl.command.1.tlog
d:\github客户端\mygithub\orbbecandqt\orbbecdemo_windows\x64\debug\orbbecdemo1.1.tlog\cl.read.1.tlog
d:\github客户端\mygithub\orbbecandqt\orbbecdemo_windows\x64\debug\orbbecdemo1.1.tlog\moc.read.1u.tlog
d:\github客户端\mygithub\orbbecandqt\orbbecdemo_windows\x64\debug\orbbecdemo1.1.tlog\moc.write.1u.tlog
d:\github客户端\mygithub\orbbecandqt\orbbecdemo_windows\x64\debug\orbbecdemo1.1.tlog\orbbecdemo1.1.write.1u.tlog
d:\github客户端\mygithub\orbbecandqt\orbbecdemo_windows\x64\debug\orbbecdemo1.1.tlog\rcc.read.1u.tlog
d:\github客户端\mygithub\orbbecandqt\orbbecdemo_windows\x64\debug\orbbecdemo1.1.tlog\rcc.write.1u.tlog
d:\github客户端\mygithub\orbbecandqt\orbbecdemo_windows\x64\debug\orbbecdemo1.1.tlog\uic.read.1u.tlog
d:\github客户端\mygithub\orbbecandqt\orbbecdemo_windows\x64\debug\orbbecdemo1.1.tlog\uic.write.1u.tlog
